<?xml version="1.0" encoding="UTF-8"?>
<testsuite name="com.aor.lendea.gui.LanternaGUITest" tests="2" skipped="0" failures="0" errors="0" timestamp="2022-12-04T10:17:25" hostname="LAPTOP-MNGO0N6O" time="0.142">
  <properties/>
  <testcase name="drawText()" classname="com.aor.lendea.gui.LanternaGUITest" time="0.138"/>
  <testcase name="drawLendea()" classname="com.aor.lendea.gui.LanternaGUITest" time="0.003"/>
  <system-out><![CDATA[]]></system-out>
  <system-err><![CDATA[]]></system-err>
</testsuite>
