<?xml version="1.0" encoding="UTF-8"?>
<testsuite name="com.aor.lendea.viewer.LendeaViewerTest" tests="1" skipped="0" failures="0" errors="0" timestamp="2022-12-04T10:17:25" hostname="LAPTOP-MNGO0N6O" time="0.001">
  <properties/>
  <testcase name="drawElement()" classname="com.aor.lendea.viewer.LendeaViewerTest" time="0.001"/>
  <system-out><![CDATA[]]></system-out>
  <system-err><![CDATA[]]></system-err>
</testsuite>
