<?xml version="1.0" encoding="UTF-8"?>
<testsuite name="com.aor.lendea.model.PositionTest" tests="4" skipped="0" failures="0" errors="0" timestamp="2022-12-04T10:17:23" hostname="LAPTOP-MNGO0N6O" time="0.66">
  <properties/>
  <testcase name="getDown" classname="com.aor.lendea.model.PositionTest" time="0.376"/>
  <testcase name="getLeft" classname="com.aor.lendea.model.PositionTest" time="0.136"/>
  <testcase name="getUp" classname="com.aor.lendea.model.PositionTest" time="0.083"/>
  <testcase name="getRight" classname="com.aor.lendea.model.PositionTest" time="0.063"/>
  <system-out><![CDATA[timestamp = 2022-12-04T10:17:24.241495400, PositionTest:getDown = 
                              |--------------------jqwik--------------------
tries = 1000                  | # of calls to property
checks = 1000                 | # of not rejected calls
generation = RANDOMIZED       | parameters are randomly generated
after-failure = PREVIOUS_SEED | use the previous seed
when-fixed-seed = ALLOW       | fixing the random seed is allowed
edge-cases#mode = MIXIN       | edge cases are mixed in
edge-cases#total = 81         | # of all combined edge cases
edge-cases#tried = 77         | # of edge cases tried in current run
seed = -1659352277815833653   | random seed to reproduce generated values


timestamp = 2022-12-04T10:17:24.388744200, PositionTest:getLeft = 
                              |--------------------jqwik--------------------
tries = 1000                  | # of calls to property
checks = 1000                 | # of not rejected calls
generation = RANDOMIZED       | parameters are randomly generated
after-failure = PREVIOUS_SEED | use the previous seed
when-fixed-seed = ALLOW       | fixing the random seed is allowed
edge-cases#mode = MIXIN       | edge cases are mixed in
edge-cases#total = 81         | # of all combined edge cases
edge-cases#tried = 73         | # of edge cases tried in current run
seed = -5456269048076274058   | random seed to reproduce generated values


timestamp = 2022-12-04T10:17:24.475033, PositionTest:getUp = 
                              |--------------------jqwik--------------------
tries = 1000                  | # of calls to property
checks = 1000                 | # of not rejected calls
generation = RANDOMIZED       | parameters are randomly generated
after-failure = PREVIOUS_SEED | use the previous seed
when-fixed-seed = ALLOW       | fixing the random seed is allowed
edge-cases#mode = MIXIN       | edge cases are mixed in
edge-cases#total = 81         | # of all combined edge cases
edge-cases#tried = 67         | # of edge cases tried in current run
seed = -5164202726096264606   | random seed to reproduce generated values


timestamp = 2022-12-04T10:17:24.536867800, PositionTest:getRight = 
                              |--------------------jqwik--------------------
tries = 1000                  | # of calls to property
checks = 1000                 | # of not rejected calls
generation = RANDOMIZED       | parameters are randomly generated
after-failure = PREVIOUS_SEED | use the previous seed
when-fixed-seed = ALLOW       | fixing the random seed is allowed
edge-cases#mode = MIXIN       | edge cases are mixed in
edge-cases#total = 81         | # of all combined edge cases
edge-cases#tried = 73         | # of edge cases tried in current run
seed = -6571988149538311867   | random seed to reproduce generated values


]]></system-out>
  <system-err><![CDATA[]]></system-err>
</testsuite>
