<?xml version="1.0" encoding="UTF-8"?>
<testsuite name="com.aor.lendea.viewer.LendeaViewerTest" tests="1" skipped="0" failures="0" errors="0" timestamp="2022-11-25T21:01:31" hostname="LAPTOP-MNGO0N6O" time="0.002">
  <properties/>
  <testcase name="drawElement()" classname="com.aor.lendea.viewer.LendeaViewerTest" time="0.002"/>
  <system-out><![CDATA[]]></system-out>
  <system-err><![CDATA[]]></system-err>
</testsuite>
