<?xml version="1.0" encoding="UTF-8"?>
<testsuite name="com.aor.lendea.viewer.ArenaViewerTest" tests="5" skipped="0" failures="0" errors="0" timestamp="2022-11-25T21:01:30" hostname="LAPTOP-MNGO0N6O" time="0.064">
  <properties/>
  <testcase name="drawMonsters()" classname="com.aor.lendea.viewer.ArenaViewerTest" time="0.023"/>
  <testcase name="drawLendea()" classname="com.aor.lendea.viewer.ArenaViewerTest" time="0.018"/>
  <testcase name="drawCoins()" classname="com.aor.lendea.viewer.ArenaViewerTest" time="0.012"/>
  <testcase name="drawWalls()" classname="com.aor.lendea.viewer.ArenaViewerTest" time="0.004"/>
  <testcase name="refreshAndClear()" classname="com.aor.lendea.viewer.ArenaViewerTest" time="0.003"/>
  <system-out><![CDATA[]]></system-out>
  <system-err><![CDATA[]]></system-err>
</testsuite>
