<?xml version="1.0" encoding="UTF-8"?>
<testsuite name="com.aor.lendea.controller.MonsterControllerTest" tests="1" skipped="0" failures="0" errors="0" timestamp="2022-11-25T09:58:29" hostname="LAPTOP-TN3O5INU" time="0.535">
  <properties/>
  <testcase name="moveMonsters()" classname="com.aor.lendea.controller.MonsterControllerTest" time="0.535"/>
  <system-out><![CDATA[]]></system-out>
  <system-err><![CDATA[]]></system-err>
</testsuite>
